  [4;36;1mSQL (0.7ms)[0m   [0;1m SELECT name
 FROM sqlite_master
 WHERE type = 'table' AND NOT name = 'sqlite_sequence'
[0m
  [4;35;1mSQL (0.2ms)[0m   [0mselect sqlite_version(*)[0m
  [4;36;1mSQL (2.6ms)[0m   [0;1mCREATE TABLE "schema_migrations" ("version" varchar(255) NOT NULL) [0m
  [4;35;1mSQL (0.1ms)[0m   [0mPRAGMA index_list("schema_migrations")[0m
  [4;36;1mSQL (6.5ms)[0m   [0;1mCREATE UNIQUE INDEX "unique_schema_migrations" ON "schema_migrations" ("version")[0m
  [4;35;1mSQL (0.3ms)[0m   [0m SELECT name
 FROM sqlite_master
 WHERE type = 'table' AND NOT name = 'sqlite_sequence'
[0m
  [4;36;1mSQL (0.7ms)[0m   [0;1m SELECT name
 FROM sqlite_master
 WHERE type = 'table' AND NOT name = 'sqlite_sequence'
[0m
  [4;35;1mSQL (0.1ms)[0m   [0mSELECT version FROM schema_migrations[0m
  [4;36;1mSQL (0.2ms)[0m   [0;1m SELECT name
 FROM sqlite_master
 WHERE type = 'table' AND NOT name = 'sqlite_sequence'
[0m
  [4;36;1mSQL (0.7ms)[0m   [0;1m SELECT name
 FROM sqlite_master
 WHERE type = 'table' AND NOT name = 'sqlite_sequence'
[0m
  [4;35;1mSQL (0.2ms)[0m   [0mSELECT version FROM schema_migrations[0m
Migrating to CreateDonations (20100720061144)
  [4;36;1mSQL (0.1ms)[0m   [0;1mselect sqlite_version(*)[0m
  [4;35;1mSQL (0.9ms)[0m   [0mCREATE TABLE "donations" ("id" INTEGER PRIMARY KEY AUTOINCREMENT NOT NULL, "quantity" varchar(255), "created_at" datetime, "updated_at" datetime) [0m
  [4;36;1mSQL (0.2ms)[0m   [0;1mINSERT INTO schema_migrations (version) VALUES ('20100720061144')[0m
  [4;35;1mSQL (0.4ms)[0m   [0m SELECT name
 FROM sqlite_master
 WHERE type = 'table' AND NOT name = 'sqlite_sequence'
[0m
  [4;36;1mSQL (0.1ms)[0m   [0;1mSELECT version FROM schema_migrations[0m
  [4;35;1mSQL (0.2ms)[0m   [0m SELECT name
 FROM sqlite_master
 WHERE type = 'table' AND NOT name = 'sqlite_sequence'
[0m
  [4;36;1mSQL (0.0ms)[0m   [0;1mPRAGMA index_list("donations")[0m


Processing DonationsController#index (for 127.0.0.1 at 2010-07-20 01:12:03) [GET]
  [4;36;1mDonation Load (0.7ms)[0m   [0;1mSELECT * FROM "donations" [0m
Rendering template within layouts/donations
Rendering donations/index
Completed in 93ms (View: 87, DB: 1) | 200 OK [http://localhost/donations]


Processing DonationsController#new (for 127.0.0.1 at 2010-07-20 01:12:05) [GET]
Rendering template within layouts/donations
Rendering donations/new
Completed in 50ms (View: 43, DB: 0) | 200 OK [http://localhost/donations/new]


Processing DonationsController#create (for 127.0.0.1 at 2010-07-20 01:12:07) [POST]
  Parameters: {"commit"=>"Create", "authenticity_token"=>"GJHdXj4UkFf4uu5wwj6Bk92REAffsAPo26VdAmrtiDE=", "donation"=>{"quantity"=>"123"}}
  [4;35;1mDonation Create (0.5ms)[0m   [0mINSERT INTO "donations" ("updated_at", "quantity", "created_at") VALUES('2010-07-20 06:12:07', '123', '2010-07-20 06:12:07')[0m
Redirected to http://localhost:3000/donations/1
Completed in 18ms (DB: 0) | 302 Found [http://localhost/donations]


Processing DonationsController#show (for 127.0.0.1 at 2010-07-20 01:12:08) [GET]
  Parameters: {"id"=>"1"}
  [4;36;1mDonation Load (0.5ms)[0m   [0;1mSELECT * FROM "donations" WHERE ("donations"."id" = 1) [0m
Rendering template within layouts/donations
Rendering donations/show
Completed in 19ms (View: 12, DB: 1) | 200 OK [http://localhost/donations/1]


Processing DonationsController#index (for 127.0.0.1 at 2010-07-20 01:12:09) [GET]
  [4;35;1mDonation Load (0.6ms)[0m   [0mSELECT * FROM "donations" [0m
Rendering template within layouts/donations
Rendering donations/index
Completed in 15ms (View: 8, DB: 1) | 200 OK [http://localhost/donations]


Processing DonationsController#index (for 127.0.0.1 at 2010-07-20 01:13:24) [GET]
  [4;36;1mDonation Load (0.5ms)[0m   [0;1mSELECT * FROM "donations" [0m
Rendering template within layouts/donations
Rendering donations/index
Completed in 16ms (View: 8, DB: 0) | 200 OK [http://localhost/donations]


Processing DonationsController#new (for 127.0.0.1 at 2010-07-20 01:13:26) [GET]
Rendering template within layouts/donations
Rendering donations/new
Completed in 16ms (View: 9, DB: 0) | 200 OK [http://localhost/donations/new]


Processing DonationsController#create (for 127.0.0.1 at 2010-07-20 01:13:29) [POST]
  Parameters: {"commit"=>"Create", "authenticity_token"=>"GJHdXj4UkFf4uu5wwj6Bk92REAffsAPo26VdAmrtiDE=", "donation"=>{"quantity"=>""}}
Rendering template within layouts/donations
Rendering donations/new
Completed in 19ms (View: 10, DB: 0) | 200 OK [http://localhost/donations]
